22-Jun-2022 00:16:49.557 INFO [main] org.apache.catalina.core.ApplicationContext.log ContextListener: contextInitialized()
22-Jun-2022 00:16:49.557 INFO [main] org.apache.catalina.core.ApplicationContext.log SessionListener: contextInitialized()
22-Jun-2022 00:16:49.558 INFO [main] org.apache.catalina.core.ApplicationContext.log ContextListener: attributeAdded('StockTicker', 'async.Stockticker@150ab4ed')
22-Jun-2022 00:16:49.692 INFO [main] org.apache.catalina.core.ApplicationContext.log SessionListener: contextDestroyed()
22-Jun-2022 00:16:49.693 INFO [main] org.apache.catalina.core.ApplicationContext.log ContextListener: contextDestroyed()
22-Jun-2022 00:18:52.450 INFO [main] org.apache.catalina.core.ApplicationContext.log ContextListener: contextInitialized()
22-Jun-2022 00:18:52.450 INFO [main] org.apache.catalina.core.ApplicationContext.log SessionListener: contextInitialized()
22-Jun-2022 00:18:52.452 INFO [main] org.apache.catalina.core.ApplicationContext.log ContextListener: attributeAdded('StockTicker', 'async.Stockticker@40e10ff8')
22-Jun-2022 00:19:45.555 INFO [main] org.apache.catalina.core.ApplicationContext.log ContextListener: contextInitialized()
22-Jun-2022 00:19:45.556 INFO [main] org.apache.catalina.core.ApplicationContext.log SessionListener: contextInitialized()
22-Jun-2022 00:19:45.557 INFO [main] org.apache.catalina.core.ApplicationContext.log ContextListener: attributeAdded('StockTicker', 'async.Stockticker@73db4768')
22-Jun-2022 00:19:45.706 INFO [main] org.apache.catalina.core.ApplicationContext.log SessionListener: contextDestroyed()
22-Jun-2022 00:19:45.706 INFO [main] org.apache.catalina.core.ApplicationContext.log ContextListener: contextDestroyed()
22-Jun-2022 00:23:46.085 INFO [main] org.apache.catalina.core.ApplicationContext.log ContextListener: contextInitialized()
22-Jun-2022 00:23:46.085 INFO [main] org.apache.catalina.core.ApplicationContext.log SessionListener: contextInitialized()
22-Jun-2022 00:23:46.087 INFO [main] org.apache.catalina.core.ApplicationContext.log ContextListener: attributeAdded('StockTicker', 'async.Stockticker@71b3bc45')
22-Jun-2022 00:23:46.217 INFO [main] org.apache.catalina.core.ApplicationContext.log SessionListener: contextDestroyed()
22-Jun-2022 00:23:46.217 INFO [main] org.apache.catalina.core.ApplicationContext.log ContextListener: contextDestroyed()
22-Jun-2022 00:26:28.951 INFO [main] org.apache.catalina.core.ApplicationContext.log ContextListener: contextInitialized()
22-Jun-2022 00:26:28.951 INFO [main] org.apache.catalina.core.ApplicationContext.log SessionListener: contextInitialized()
22-Jun-2022 00:26:28.953 INFO [main] org.apache.catalina.core.ApplicationContext.log ContextListener: attributeAdded('StockTicker', 'async.Stockticker@73db4768')
22-Jun-2022 00:26:29.084 INFO [main] org.apache.catalina.core.ApplicationContext.log SessionListener: contextDestroyed()
22-Jun-2022 00:26:29.084 INFO [main] org.apache.catalina.core.ApplicationContext.log ContextListener: contextDestroyed()
22-Jun-2022 00:31:46.485 INFO [main] org.apache.catalina.core.ApplicationContext.log SessionListener: contextDestroyed()
22-Jun-2022 00:31:46.485 INFO [main] org.apache.catalina.core.ApplicationContext.log ContextListener: contextDestroyed()
22-Jun-2022 00:32:05.512 INFO [main] org.apache.catalina.core.ApplicationContext.log ContextListener: contextInitialized()
22-Jun-2022 00:32:05.512 INFO [main] org.apache.catalina.core.ApplicationContext.log SessionListener: contextInitialized()
22-Jun-2022 00:32:05.514 INFO [main] org.apache.catalina.core.ApplicationContext.log ContextListener: attributeAdded('StockTicker', 'async.Stockticker@275fe372')
22-Jun-2022 00:34:18.503 INFO [main] org.apache.catalina.core.ApplicationContext.log SessionListener: contextDestroyed()
22-Jun-2022 00:34:18.503 INFO [main] org.apache.catalina.core.ApplicationContext.log ContextListener: contextDestroyed()
22-Jun-2022 00:34:22.382 INFO [main] org.apache.catalina.core.ApplicationContext.log ContextListener: contextInitialized()
22-Jun-2022 00:34:22.382 INFO [main] org.apache.catalina.core.ApplicationContext.log SessionListener: contextInitialized()
22-Jun-2022 00:34:22.383 INFO [main] org.apache.catalina.core.ApplicationContext.log ContextListener: attributeAdded('StockTicker', 'async.Stockticker@269f4bad')
22-Jun-2022 00:43:16.760 INFO [main] org.apache.catalina.core.ApplicationContext.log ContextListener: contextInitialized()
22-Jun-2022 00:43:16.761 INFO [main] org.apache.catalina.core.ApplicationContext.log SessionListener: contextInitialized()
22-Jun-2022 00:43:16.763 INFO [main] org.apache.catalina.core.ApplicationContext.log ContextListener: attributeAdded('StockTicker', 'async.Stockticker@a8c1f44')
22-Jun-2022 00:43:16.890 INFO [main] org.apache.catalina.core.ApplicationContext.log SessionListener: contextDestroyed()
22-Jun-2022 00:43:16.890 INFO [main] org.apache.catalina.core.ApplicationContext.log ContextListener: contextDestroyed()
22-Jun-2022 00:43:18.511 INFO [main] org.apache.catalina.core.ApplicationContext.log SessionListener: contextDestroyed()
22-Jun-2022 00:43:18.511 INFO [main] org.apache.catalina.core.ApplicationContext.log ContextListener: contextDestroyed()
22-Jun-2022 00:43:28.059 INFO [main] org.apache.catalina.core.ApplicationContext.log ContextListener: contextInitialized()
22-Jun-2022 00:43:28.059 INFO [main] org.apache.catalina.core.ApplicationContext.log SessionListener: contextInitialized()
22-Jun-2022 00:43:28.061 INFO [main] org.apache.catalina.core.ApplicationContext.log ContextListener: attributeAdded('StockTicker', 'async.Stockticker@3234f74e')
22-Jun-2022 00:48:36.345 INFO [main] org.apache.catalina.core.ApplicationContext.log SessionListener: contextDestroyed()
22-Jun-2022 00:48:36.345 INFO [main] org.apache.catalina.core.ApplicationContext.log ContextListener: contextDestroyed()
22-Jun-2022 00:48:40.422 INFO [main] org.apache.catalina.core.ApplicationContext.log ContextListener: contextInitialized()
22-Jun-2022 00:48:40.422 INFO [main] org.apache.catalina.core.ApplicationContext.log SessionListener: contextInitialized()
22-Jun-2022 00:48:40.423 INFO [main] org.apache.catalina.core.ApplicationContext.log ContextListener: attributeAdded('StockTicker', 'async.Stockticker@3a62c01e')
22-Jun-2022 18:17:38.874 INFO [main] org.apache.catalina.core.ApplicationContext.log ContextListener: contextInitialized()
22-Jun-2022 18:17:38.874 INFO [main] org.apache.catalina.core.ApplicationContext.log SessionListener: contextInitialized()
22-Jun-2022 18:17:38.874 INFO [main] org.apache.catalina.core.ApplicationContext.log ContextListener: attributeAdded('StockTicker', 'async.Stockticker@c260bdc')
22-Jun-2022 18:20:59.782 INFO [main] org.apache.catalina.core.ApplicationContext.log SessionListener: contextDestroyed()
22-Jun-2022 18:20:59.782 INFO [main] org.apache.catalina.core.ApplicationContext.log ContextListener: contextDestroyed()
22-Jun-2022 18:21:03.573 INFO [main] org.apache.catalina.core.ApplicationContext.log ContextListener: contextInitialized()
22-Jun-2022 18:21:03.573 INFO [main] org.apache.catalina.core.ApplicationContext.log SessionListener: contextInitialized()
22-Jun-2022 18:21:03.575 INFO [main] org.apache.catalina.core.ApplicationContext.log ContextListener: attributeAdded('StockTicker', 'async.Stockticker@3234f74e')
22-Jun-2022 18:21:37.987 INFO [main] org.apache.catalina.core.ApplicationContext.log SessionListener: contextDestroyed()
22-Jun-2022 18:21:37.987 INFO [main] org.apache.catalina.core.ApplicationContext.log ContextListener: contextDestroyed()
22-Jun-2022 18:21:41.299 INFO [main] org.apache.catalina.core.ApplicationContext.log ContextListener: contextInitialized()
22-Jun-2022 18:21:41.299 INFO [main] org.apache.catalina.core.ApplicationContext.log SessionListener: contextInitialized()
22-Jun-2022 18:21:41.301 INFO [main] org.apache.catalina.core.ApplicationContext.log ContextListener: attributeAdded('StockTicker', 'async.Stockticker@40e10ff8')
22-Jun-2022 18:25:39.362 INFO [main] org.apache.catalina.core.ApplicationContext.log SessionListener: contextDestroyed()
22-Jun-2022 18:25:39.362 INFO [main] org.apache.catalina.core.ApplicationContext.log ContextListener: contextDestroyed()
22-Jun-2022 18:25:42.653 INFO [main] org.apache.catalina.core.ApplicationContext.log ContextListener: contextInitialized()
22-Jun-2022 18:25:42.653 INFO [main] org.apache.catalina.core.ApplicationContext.log SessionListener: contextInitialized()
22-Jun-2022 18:25:42.655 INFO [main] org.apache.catalina.core.ApplicationContext.log ContextListener: attributeAdded('StockTicker', 'async.Stockticker@3234f74e')
22-Jun-2022 18:31:20.854 INFO [main] org.apache.catalina.core.ApplicationContext.log ContextListener: contextInitialized()
22-Jun-2022 18:31:20.854 INFO [main] org.apache.catalina.core.ApplicationContext.log SessionListener: contextInitialized()
22-Jun-2022 18:31:20.856 INFO [main] org.apache.catalina.core.ApplicationContext.log ContextListener: attributeAdded('StockTicker', 'async.Stockticker@269f4bad')
22-Jun-2022 18:34:12.993 INFO [main] org.apache.catalina.core.ApplicationContext.log SessionListener: contextDestroyed()
22-Jun-2022 18:34:12.993 INFO [main] org.apache.catalina.core.ApplicationContext.log ContextListener: contextDestroyed()
22-Jun-2022 18:34:18.328 INFO [main] org.apache.catalina.core.ApplicationContext.log ContextListener: contextInitialized()
22-Jun-2022 18:34:18.328 INFO [main] org.apache.catalina.core.ApplicationContext.log SessionListener: contextInitialized()
22-Jun-2022 18:34:18.328 INFO [main] org.apache.catalina.core.ApplicationContext.log ContextListener: attributeAdded('StockTicker', 'async.Stockticker@40e10ff8')
22-Jun-2022 18:37:46.969 INFO [main] org.apache.catalina.core.ApplicationContext.log SessionListener: contextDestroyed()
22-Jun-2022 18:37:46.969 INFO [main] org.apache.catalina.core.ApplicationContext.log ContextListener: contextDestroyed()
22-Jun-2022 18:37:51.606 INFO [main] org.apache.catalina.core.ApplicationContext.log ContextListener: contextInitialized()
22-Jun-2022 18:37:51.606 INFO [main] org.apache.catalina.core.ApplicationContext.log SessionListener: contextInitialized()
22-Jun-2022 18:37:51.608 INFO [main] org.apache.catalina.core.ApplicationContext.log ContextListener: attributeAdded('StockTicker', 'async.Stockticker@1c80e49b')
22-Jun-2022 18:41:24.803 INFO [main] org.apache.catalina.core.ApplicationContext.log SessionListener: contextDestroyed()
22-Jun-2022 18:41:24.803 INFO [main] org.apache.catalina.core.ApplicationContext.log ContextListener: contextDestroyed()
22-Jun-2022 18:41:28.763 INFO [main] org.apache.catalina.core.ApplicationContext.log ContextListener: contextInitialized()
22-Jun-2022 18:41:28.763 INFO [main] org.apache.catalina.core.ApplicationContext.log SessionListener: contextInitialized()
22-Jun-2022 18:41:28.766 INFO [main] org.apache.catalina.core.ApplicationContext.log ContextListener: attributeAdded('StockTicker', 'async.Stockticker@1c80e49b')
22-Jun-2022 18:52:20.080 INFO [main] org.apache.catalina.core.ApplicationContext.log SessionListener: contextDestroyed()
22-Jun-2022 18:52:20.080 INFO [main] org.apache.catalina.core.ApplicationContext.log ContextListener: contextDestroyed()
22-Jun-2022 18:52:24.154 INFO [main] org.apache.catalina.core.ApplicationContext.log ContextListener: contextInitialized()
22-Jun-2022 18:52:24.154 INFO [main] org.apache.catalina.core.ApplicationContext.log SessionListener: contextInitialized()
22-Jun-2022 18:52:24.154 INFO [main] org.apache.catalina.core.ApplicationContext.log ContextListener: attributeAdded('StockTicker', 'async.Stockticker@1c80e49b')
22-Jun-2022 19:35:40.457 INFO [main] org.apache.catalina.core.ApplicationContext.log SessionListener: contextDestroyed()
22-Jun-2022 19:35:40.457 INFO [main] org.apache.catalina.core.ApplicationContext.log ContextListener: contextDestroyed()
22-Jun-2022 19:35:44.813 INFO [main] org.apache.catalina.core.ApplicationContext.log ContextListener: contextInitialized()
22-Jun-2022 19:35:44.813 INFO [main] org.apache.catalina.core.ApplicationContext.log SessionListener: contextInitialized()
22-Jun-2022 19:35:44.815 INFO [main] org.apache.catalina.core.ApplicationContext.log ContextListener: attributeAdded('StockTicker', 'async.Stockticker@5b64c4b7')
22-Jun-2022 19:41:28.413 INFO [main] org.apache.catalina.core.ApplicationContext.log SessionListener: contextDestroyed()
22-Jun-2022 19:41:28.413 INFO [main] org.apache.catalina.core.ApplicationContext.log ContextListener: contextDestroyed()
